# JRE version: OpenJDK Runtime Environment Temurin-17.0.10+7 (17.0.10+7) (build 17.0.10+7)
# Java VM: OpenJDK 64-Bit Server VM Temurin-17.0.10+7 (17.0.10+7, mixed mode, tiered, compressed oops, compressed class ptrs, parallel gc, windows-amd64)
GC Precious Log:
 CPUs: 8 total, 8 available
 Memory: 7854M
 Large Page Support: Disabled
 NUMA Support: Disabled
 Compressed Oops: Enabled (32-bit)
 Alignments: Space 512K, Generation 512K, Heap 2M
 Heap Min Capacity: 100M
 Heap Initial Capacity: 100M
 Heap Max Capacity: 1G
 Pre-touch: Disabled
 Parallel Workers: 8
Heap:
 PSYoungGen      total 19456K, used 2448K [0x00000000eab00000, 0x00000000ec180000, 0x0000000100000000)
  eden space 17408K, 2% used [0x00000000eab00000,0x00000000eab687a0,0x00000000ebc00000)
  from space 2048K, 99% used [0x00000000ebf80000,0x00000000ec17ba20,0x00000000ec180000)
  to   space 1024K, 0% used [0x00000000ebc00000,0x00000000ebc00000,0x00000000ebd00000)
 ParOldGen       total 91136K, used 63006K [0x00000000c0000000, 0x00000000c5900000, 0x00000000eab00000)
  object space 91136K, 69% used [0x00000000c0000000,0x00000000c3d87838,0x00000000c5900000)
 Metaspace       used 70106K, committed 71296K, reserved 1114112K
  class space    used 7516K, committed 8064K, reserved 1048576K
GC Heap History (20 events):
Event: 20.184 GC heap before
{Heap before GC invocations=39 (full 3):
 PSYoungGen      total 23040K, used 22974K [0x00000000eab00000, 0x00000000ec580000, 0x0000000100000000)
  eden space 19968K, 100% used [0x00000000eab00000,0x00000000ebe80000,0x00000000ebe80000)
  from space 3072K, 97% used [0x00000000ebe80000,0x00000000ec16f800,0x00000000ec180000)
  to   space 3584K, 0% used [0x00000000ec200000,0x00000000ec200000,0x00000000ec580000)
 ParOldGen       total 68608K, used 41283K [0x00000000c0000000, 0x00000000c4300000, 0x00000000eab00000)
  object space 68608K, 60% used [0x00000000c0000000,0x00000000c2850db0,0x00000000c4300000)
 Metaspace       used 65278K, committed 66368K, reserved 1114112K
  class space    used 7081K, committed 7552K, reserved 1048576K
}
Event: 20.187 GC heap after
{Heap after GC invocations=39 (full 3):
 PSYoungGen      total 22016K, used 1544K [0x00000000eab00000, 0x00000000ec400000, 0x0000000100000000)
  eden space 19968K, 0% used [0x00000000eab00000,0x00000000eab00000,0x00000000ebe80000)
  from space 2048K, 75% used [0x00000000ec200000,0x00000000ec382100,0x00000000ec400000)
  to   space 2560K, 0% used [0x00000000ebf00000,0x00000000ebf00000,0x00000000ec180000)
 ParOldGen       total 68608K, used 44122K [0x00000000c0000000, 0x00000000c4300000, 0x00000000eab00000)
  object space 68608K, 64% used [0x00000000c0000000,0x00000000c2b16850,0x00000000c4300000)
 Metaspace       used 65278K, committed 66368K, reserved 1114112K
  class space    used 7081K, committed 7552K, reserved 1048576K
}
Event: 20.237 GC heap before
{Heap before GC invocations=40 (full 3):
 PSYoungGen      total 22016K, used 21512K [0x00000000eab00000, 0x00000000ec400000, 0x0000000100000000)
  eden space 19968K, 100% used [0x00000000eab00000,0x00000000ebe80000,0x00000000ebe80000)
  from space 2048K, 75% used [0x00000000ec200000,0x00000000ec382100,0x00000000ec400000)
  to   space 2560K, 0% used [0x00000000ebf00000,0x00000000ebf00000,0x00000000ec180000)
 ParOldGen       total 68608K, used 44122K [0x00000000c0000000, 0x00000000c4300000, 0x00000000eab00000)
  object space 68608K, 64% used [0x00000000c0000000,0x00000000c2b16850,0x00000000c4300000)
 Metaspace       used 65304K, committed 66368K, reserved 1114112K
  class space    used 7084K, committed 7552K, reserved 1048576K
}
Event: 20.240 GC heap after
{Heap after GC invocations=40 (full 3):
 PSYoungGen      total 22528K, used 2491K [0x00000000eab00000, 0x00000000ec480000, 0x0000000100000000)
  eden space 19968K, 0% used [0x00000000eab00000,0x00000000eab00000,0x00000000ebe80000)
  from space 2560K, 97% used [0x00000000ebf00000,0x00000000ec16eec0,0x00000000ec180000)
  to   space 3072K, 0% used [0x00000000ec180000,0x00000000ec180000,0x00000000ec480000)
 ParOldGen       total 68608K, used 45481K [0x00000000c0000000, 0x00000000c4300000, 0x00000000eab00000)
  object space 68608K, 66% used [0x00000000c0000000,0x00000000c2c6a470,0x00000000c4300000)
 Metaspace       used 65304K, committed 66368K, reserved 1114112K
  class space    used 7084K, committed 7552K, reserved 1048576K
}
Event: 20.287 GC heap before
{Heap before GC invocations=41 (full 3):
 PSYoungGen      total 22528K, used 22459K [0x00000000eab00000, 0x00000000ec480000, 0x0000000100000000)
  eden space 19968K, 100% used [0x00000000eab00000,0x00000000ebe80000,0x00000000ebe80000)
  from space 2560K, 97% used [0x00000000ebf00000,0x00000000ec16eec0,0x00000000ec180000)
  to   space 3072K, 0% used [0x00000000ec180000,0x00000000ec180000,0x00000000ec480000)
 ParOldGen       total 68608K, used 45481K [0x00000000c0000000, 0x00000000c4300000, 0x00000000eab00000)
  object space 68608K, 66% used [0x00000000c0000000,0x00000000c2c6a470,0x00000000c4300000)
 Metaspace       used 65337K, committed 66368K, reserved 1114112K
  class space    used 7086K, committed 7552K, reserved 1048576K
}
Event: 20.290 GC heap after
{Heap after GC invocations=41 (full 3):
 PSYoungGen      total 23040K, used 2553K [0x00000000eab00000, 0x00000000ec480000, 0x0000000100000000)
  eden space 19968K, 0% used [0x00000000eab00000,0x00000000eab00000,0x00000000ebe80000)
  from space 3072K, 83% used [0x00000000ec180000,0x00000000ec3fe608,0x00000000ec480000)
  to   space 3072K, 0% used [0x00000000ebe80000,0x00000000ebe80000,0x00000000ec180000)
 ParOldGen       total 68608K, used 47819K [0x00000000c0000000, 0x00000000c4300000, 0x00000000eab00000)
  object space 68608K, 69% used [0x00000000c0000000,0x00000000c2eb2c70,0x00000000c4300000)
 Metaspace       used 65337K, committed 66368K, reserved 1114112K
  class space    used 7086K, committed 7552K, reserved 1048576K
}
Event: 20.390 GC heap before
{Heap before GC invocations=42 (full 3):
 PSYoungGen      total 23040K, used 22521K [0x00000000eab00000, 0x00000000ec480000, 0x0000000100000000)
  eden space 19968K, 100% used [0x00000000eab00000,0x00000000ebe80000,0x00000000ebe80000)
  from space 3072K, 83% used [0x00000000ec180000,0x00000000ec3fe608,0x00000000ec480000)
  to   space 3072K, 0% used [0x00000000ebe80000,0x00000000ebe80000,0x00000000ec180000)
 ParOldGen       total 68608K, used 47819K [0x00000000c0000000, 0x00000000c4300000, 0x00000000eab00000)
  object space 68608K, 69% used [0x00000000c0000000,0x00000000c2eb2c70,0x00000000c4300000)
 Metaspace       used 66127K, committed 67264K, reserved 1114112K
  class space    used 7180K, committed 7680K, reserved 1048576K
}
Event: 20.394 GC heap after
{Heap after GC invocations=42 (full 3):
 PSYoungGen      total 23040K, used 3069K [0x00000000eab00000, 0x00000000ecb80000, 0x0000000100000000)
  eden space 19968K, 0% used [0x00000000eab00000,0x00000000eab00000,0x00000000ebe80000)
  from space 3072K, 99% used [0x00000000ebe80000,0x00000000ec17f760,0x00000000ec180000)
  to   space 6656K, 0% used [0x00000000ec500000,0x00000000ec500000,0x00000000ecb80000)
 ParOldGen       total 68608K, used 50722K [0x00000000c0000000, 0x00000000c4300000, 0x00000000eab00000)
  object space 68608K, 73% used [0x00000000c0000000,0x00000000c3188928,0x00000000c4300000)
 Metaspace       used 66127K, committed 67264K, reserved 1114112K
  class space    used 7180K, committed 7680K, reserved 1048576K
}
Event: 20.515 GC heap before
{Heap before GC invocations=43 (full 3):
 PSYoungGen      total 23040K, used 23032K [0x00000000eab00000, 0x00000000ecb80000, 0x0000000100000000)
  eden space 19968K, 99% used [0x00000000eab00000,0x00000000ebe7ea58,0x00000000ebe80000)
  from space 3072K, 99% used [0x00000000ebe80000,0x00000000ec17f760,0x00000000ec180000)
  to   space 6656K, 0% used [0x00000000ec500000,0x00000000ec500000,0x00000000ecb80000)
 ParOldGen       total 68608K, used 50722K [0x00000000c0000000, 0x00000000c4300000, 0x00000000eab00000)
  object space 68608K, 73% used [0x00000000c0000000,0x00000000c3188928,0x00000000c4300000)
 Metaspace       used 66569K, committed 67648K, reserved 1114112K
  class space    used 7211K, committed 7680K, reserved 1048576K
}
Event: 20.520 GC heap after
{Heap after GC invocations=43 (full 3):
 PSYoungGen      total 25088K, used 4632K [0x00000000eab00000, 0x00000000eca00000, 0x0000000100000000)
  eden space 19968K, 0% used [0x00000000eab00000,0x00000000eab00000,0x00000000ebe80000)
  from space 5120K, 90% used [0x00000000ec500000,0x00000000ec986028,0x00000000eca00000)
  to   space 5120K, 0% used [0x00000000ec000000,0x00000000ec000000,0x00000000ec500000)
 ParOldGen       total 68608K, used 53716K [0x00000000c0000000, 0x00000000c4300000, 0x00000000eab00000)
  object space 68608K, 78% used [0x00000000c0000000,0x00000000c3475388,0x00000000c4300000)
 Metaspace       used 66569K, committed 67648K, reserved 1114112K
  class space    used 7211K, committed 7680K, reserved 1048576K
}
Event: 20.682 GC heap before
{Heap before GC invocations=44 (full 3):
 PSYoungGen      total 25088K, used 24600K [0x00000000eab00000, 0x00000000eca00000, 0x0000000100000000)
  eden space 19968K, 100% used [0x00000000eab00000,0x00000000ebe80000,0x00000000ebe80000)
  from space 5120K, 90% used [0x00000000ec500000,0x00000000ec986028,0x00000000eca00000)
  to   space 5120K, 0% used [0x00000000ec000000,0x00000000ec000000,0x00000000ec500000)
 ParOldGen       total 68608K, used 53716K [0x00000000c0000000, 0x00000000c4300000, 0x00000000eab00000)
  object space 68608K, 78% used [0x00000000c0000000,0x00000000c3475388,0x00000000c4300000)
 Metaspace       used 67188K, committed 68288K, reserved 1114112K
  class space    used 7280K, committed 7744K, reserved 1048576K
}
Event: 20.687 GC heap after
{Heap after GC invocations=44 (full 3):
 PSYoungGen      total 24576K, used 4150K [0x00000000eab00000, 0x00000000ec780000, 0x0000000100000000)
  eden space 19968K, 0% used [0x00000000eab00000,0x00000000eab00000,0x00000000ebe80000)
  from space 4608K, 90% used [0x00000000ec000000,0x00000000ec40dad8,0x00000000ec480000)
  to   space 3072K, 0% used [0x00000000ec480000,0x00000000ec480000,0x00000000ec780000)
 ParOldGen       total 68608K, used 57806K [0x00000000c0000000, 0x00000000c4300000, 0x00000000eab00000)
  object space 68608K, 84% used [0x00000000c0000000,0x00000000c3873b28,0x00000000c4300000)
 Metaspace       used 67188K, committed 68288K, reserved 1114112K
  class space    used 7280K, committed 7744K, reserved 1048576K
}
Event: 20.800 GC heap before
{Heap before GC invocations=45 (full 3):
 PSYoungGen      total 24576K, used 24118K [0x00000000eab00000, 0x00000000ec780000, 0x0000000100000000)
  eden space 19968K, 100% used [0x00000000eab00000,0x00000000ebe80000,0x00000000ebe80000)
  from space 4608K, 90% used [0x00000000ec000000,0x00000000ec40dad8,0x00000000ec480000)
  to   space 3072K, 0% used [0x00000000ec480000,0x00000000ec480000,0x00000000ec780000)
 ParOldGen       total 68608K, used 57806K [0x00000000c0000000, 0x00000000c4300000, 0x00000000eab00000)
  object space 68608K, 84% used [0x00000000c0000000,0x00000000c3873b28,0x00000000c4300000)
 Metaspace       used 67748K, committed 68800K, reserved 1114112K
  class space    used 7321K, committed 7808K, reserved 1048576K
}
Event: 20.805 GC heap after
{Heap after GC invocations=45 (full 3):
 PSYoungGen      total 20480K, used 3064K [0x00000000eab00000, 0x00000000ecf80000, 0x0000000100000000)
  eden space 17408K, 0% used [0x00000000eab00000,0x00000000eab00000,0x00000000ebc00000)
  from space 3072K, 99% used [0x00000000ec480000,0x00000000ec77e318,0x00000000ec780000)
  to   space 8704K, 0% used [0x00000000ebc00000,0x00000000ebc00000,0x00000000ec480000)
 ParOldGen       total 68608K, used 62621K [0x00000000c0000000, 0x00000000c4300000, 0x00000000eab00000)
  object space 68608K, 91% used [0x00000000c0000000,0x00000000c3d276d0,0x00000000c4300000)
 Metaspace       used 67748K, committed 68800K, reserved 1114112K
  class space    used 7321K, committed 7808K, reserved 1048576K
}
Event: 20.924 GC heap before
{Heap before GC invocations=46 (full 3):
 PSYoungGen      total 20480K, used 20472K [0x00000000eab00000, 0x00000000ecf80000, 0x0000000100000000)
  eden space 17408K, 100% used [0x00000000eab00000,0x00000000ebc00000,0x00000000ebc00000)
  from space 3072K, 99% used [0x00000000ec480000,0x00000000ec77e318,0x00000000ec780000)
  to   space 8704K, 0% used [0x00000000ebc00000,0x00000000ebc00000,0x00000000ec480000)
 ParOldGen       total 68608K, used 62621K [0x00000000c0000000, 0x00000000c4300000, 0x00000000eab00000)
  object space 68608K, 91% used [0x00000000c0000000,0x00000000c3d276d0,0x00000000c4300000)
 Metaspace       used 68637K, committed 69696K, reserved 1114112K
  class space    used 7404K, committed 7872K, reserved 1048576K
}
Event: 20.930 GC heap after
{Heap after GC invocations=46 (full 3):
 PSYoungGen      total 20992K, used 3097K [0x00000000eab00000, 0x00000000ec600000, 0x0000000100000000)
  eden space 17408K, 0% used [0x00000000eab00000,0x00000000eab00000,0x00000000ebc00000)
  from space 3584K, 86% used [0x00000000ebc00000,0x00000000ebf06440,0x00000000ebf80000)
  to   space 5120K, 0% used [0x00000000ec100000,0x00000000ec100000,0x00000000ec600000)
 ParOldGen       total 68608K, used 65665K [0x00000000c0000000, 0x00000000c4300000, 0x00000000eab00000)
  object space 68608K, 95% used [0x00000000c0000000,0x00000000c4020448,0x00000000c4300000)
 Metaspace       used 68637K, committed 69696K, reserved 1114112K
  class space    used 7404K, committed 7872K, reserved 1048576K
}
Event: 20.930 GC heap before
{Heap before GC invocations=47 (full 4):
 PSYoungGen      total 20992K, used 3097K [0x00000000eab00000, 0x00000000ec600000, 0x0000000100000000)
  eden space 17408K, 0% used [0x00000000eab00000,0x00000000eab00000,0x00000000ebc00000)
  from space 3584K, 86% used [0x00000000ebc00000,0x00000000ebf06440,0x00000000ebf80000)
  to   space 5120K, 0% used [0x00000000ec100000,0x00000000ec100000,0x00000000ec600000)
 ParOldGen       total 68608K, used 65665K [0x00000000c0000000, 0x00000000c4300000, 0x00000000eab00000)
  object space 68608K, 95% used [0x00000000c0000000,0x00000000c4020448,0x00000000c4300000)
 Metaspace       used 68637K, committed 69696K, reserved 1114112K
  class space    used 7404K, committed 7872K, reserved 1048576K
}
Event: 21.014 GC heap after
{Heap after GC invocations=47 (full 4):
 PSYoungGen      total 22528K, used 0K [0x00000000eab00000, 0x00000000ec600000, 0x0000000100000000)
  eden space 17408K, 0% used [0x00000000eab00000,0x00000000eab00000,0x00000000ebc00000)
  from space 5120K, 0% used [0x00000000ec100000,0x00000000ec100000,0x00000000ec600000)
  to   space 5120K, 0% used [0x00000000ebc00000,0x00000000ebc00000,0x00000000ec100000)
 ParOldGen       total 91136K, used 61896K [0x00000000c0000000, 0x00000000c5900000, 0x00000000eab00000)
  object space 91136K, 67% used [0x00000000c0000000,0x00000000c3c72288,0x00000000c5900000)
 Metaspace       used 68637K, committed 69696K, reserved 1114112K
  class space    used 7404K, committed 7872K, reserved 1048576K
}
Event: 21.136 GC heap before
{Heap before GC invocations=48 (full 4):
 PSYoungGen      total 22528K, used 17408K [0x00000000eab00000, 0x00000000ec600000, 0x0000000100000000)
  eden space 17408K, 100% used [0x00000000eab00000,0x00000000ebc00000,0x00000000ebc00000)
  from space 5120K, 0% used [0x00000000ec100000,0x00000000ec100000,0x00000000ec600000)
  to   space 5120K, 0% used [0x00000000ebc00000,0x00000000ebc00000,0x00000000ec100000)
 ParOldGen       total 91136K, used 61896K [0x00000000c0000000, 0x00000000c5900000, 0x00000000eab00000)
  object space 91136K, 67% used [0x00000000c0000000,0x00000000c3c72288,0x00000000c5900000)
 Metaspace       used 68941K, committed 70080K, reserved 1114112K
  class space    used 7430K, committed 7936K, reserved 1048576K
}
Event: 21.138 GC heap after
{Heap after GC invocations=48 (full 4):
 PSYoungGen      total 18432K, used 775K [0x00000000eab00000, 0x00000000ec180000, 0x0000000100000000)
  eden space 17408K, 0% used [0x00000000eab00000,0x00000000eab00000,0x00000000ebc00000)
  from space 1024K, 75% used [0x00000000ebc00000,0x00000000ebcc1ca0,0x00000000ebd00000)
  to   space 2048K, 0% used [0x00000000ebf80000,0x00000000ebf80000,0x00000000ec180000)
 ParOldGen       total 91136K, used 61896K [0x00000000c0000000, 0x00000000c5900000, 0x00000000eab00000)
  object space 91136K, 67% used [0x00000000c0000000,0x00000000c3c72288,0x00000000c5900000)
 Metaspace       used 68941K, committed 70080K, reserved 1114112K
  class space    used 7430K, committed 7936K, reserved 1048576K
}

